D:\PROJECTS\SELFCRYPT\SELFCRYPT\DEBUG\SOURCE.OBJ
D:\PROJECTS\SELFCRYPT\SELFCRYPT\DEBUG\VC110.PDB
D:\PROJECTS\SELFCRYPT\DEBUG\SELFCRYPT.ILK
D:\PROJECTS\SELFCRYPT\DEBUG\SELFCRYPT.EXE
D:\PROJECTS\SELFCRYPT\DEBUG\SELFCRYPT.PDB
D:\Projects\selfcrypt\selfcrypt\Debug\source.obj
D:\Projects\selfcrypt\selfcrypt\Debug\cl.command.1.tlog
D:\Projects\selfcrypt\selfcrypt\Debug\CL.read.1.tlog
D:\Projects\selfcrypt\selfcrypt\Debug\CL.write.1.tlog
D:\Projects\selfcrypt\selfcrypt\Debug\link-cvtres.read.1.tlog
D:\Projects\selfcrypt\selfcrypt\Debug\link-cvtres.write.1.tlog
D:\Projects\selfcrypt\selfcrypt\Debug\link-rc.read.1.tlog
D:\Projects\selfcrypt\selfcrypt\Debug\link-rc.write.1.tlog
D:\Projects\selfcrypt\selfcrypt\Debug\link.command.1.tlog
D:\Projects\selfcrypt\selfcrypt\Debug\link.read.1.tlog
D:\Projects\selfcrypt\selfcrypt\Debug\link.write.1.tlog
D:\Projects\selfcrypt\selfcrypt\Debug\vc110.idb
D:\Projects\selfcrypt\selfcrypt\Debug\vc110.pdb
D:\Projects\selfcrypt\Debug\selfcrypt.pdb
D:\Projects\selfcrypt\Debug\selfcrypt.exe
D:\Projects\selfcrypt\Debug\selfcrypt.ilk
